DEBUG:root:Logs file: ./logs/20191206-094451.log
DEBUG:root:Models directory: ./saved_models/attention
DEBUG:root:Data directory: ./data
DEBUG:root:Results file: ./results/attention/20191206-094451.json
INFO:root:Getting data
INFO:root:Getting CIFAR-100 dataset
INFO:CIFAR-100:Casting data into float32
DEBUG:root:Training set: x_dims=(90000, 32, 32, 3), y_dims=(90000, 100)
DEBUG:root:Testing set: x_dims=(10000, 32, 32, 3), y_dims=(10000, 100)
INFO:root:Building model
INFO:root:Entering Full Classifier training
INFO:HAT-CNN:Start Full Classification training
INFO:HAT-CNN:Loading cc model
INFO:HAT-CNN:Loading fc model
INFO:HAT-CNN:Building attention features
INFO:HAT-CNN:Saving cc model
INFO:HAT-CNN:Saving fc model
INFO:HAT-CNN:Loading fc model
INFO:HAT-CNN:Loading cc model
INFO:HAT-CNN:Loading cc model
INFO:HAT-CNN:Loading fc model
INFO:HAT-CNN:Building attention features
INFO:HAT-CNN:Saving cc both model
INFO:HAT-CNN:Saving fc both model
INFO:HAT-CNN:Loading cc model
INFO:HAT-CNN:Loading fc model
INFO:HAT-CNN:Building attention features
INFO:HAT-CNN:Saving cc both model
INFO:HAT-CNN:Saving fc both model
INFO:HAT-CNN:Counts to early stopping: 1/5
INFO:HAT-CNN:Loading cc model
INFO:HAT-CNN:Loading fc model
INFO:HAT-CNN:Building attention features
INFO:HAT-CNN:Saving cc both model
INFO:HAT-CNN:Saving fc both model
INFO:HAT-CNN:Counts to early stopping: 2/5
INFO:HAT-CNN:Loading cc model
INFO:HAT-CNN:Loading fc model
INFO:HAT-CNN:Building attention features
INFO:HAT-CNN:Saving cc both model
INFO:HAT-CNN:Saving fc both model
INFO:HAT-CNN:Counts to early stopping: 3/5
INFO:HAT-CNN:Loading cc model
INFO:HAT-CNN:Loading fc model
INFO:HAT-CNN:Building attention features
INFO:HAT-CNN:Saving cc both model
INFO:HAT-CNN:Saving fc both model
INFO:HAT-CNN:Counts to early stopping: 4/5
INFO:HAT-CNN:Loading cc model
INFO:HAT-CNN:Loading fc model
INFO:HAT-CNN:Building attention features
INFO:HAT-CNN:Saving cc both model
INFO:HAT-CNN:Saving fc both model
INFO:HAT-CNN:Counts to early stopping: 5/5
INFO:HAT-CNN:Loading cc model
INFO:HAT-CNN:Loading fc model
INFO:HAT-CNN:Saving best cc both model
INFO:HAT-CNN:Saving best fc both model
